[     827ms] [ERROR] A tree hydrated but some attributes of the server rendered HTML didn't match the client properties. This won't be patched up. This can happen if a SSR-ed Client Component used:

- A server/client branch `if (typeof window !== 'undefined')`.
- Variable input such as `Date.now()` or `Math.random()` which changes each time it's called.
- Date formatting in a user's locale which doesn't match the server.
- External changing data without sending a snapshot of it along with the HTML.
- Invalid HTML tag nesting.

It can also happen if the client has a browser extension installed which messes with the HTML before React loaded.

%s%s https://react.dev/link/hydration-mismatch 

  ...
    <SelectProvider required={undefined} scope={undefined} trigger={null} ...>
      <SelectCollectionProvider scope={undefined}>
        <SelectCollectionProviderProvider scope={undefined} itemMap={Map} collectionRef={{current:null}}>
          <SelectProvider scope={undefined} onNativeOptionAdd={function Select.useCallback} ...>
            <SelectTrigger className="w-48">
              <SelectTrigger data-slot="select-tri..." data-size="default" className={"border-i..."}>
                <PopperAnchor asChild={true} __scopePopper={{Popper:[...]}}>
                  <Primitive.div asChild={true} ref={function}>
                    <Primitive.div.Slot ref={function}>
                      <Primitive.div.SlotClone ref={function}>
                        <Primitive.button type="button" role="combobox" aria-controls="radix-_R_1..." ...>
                          <button
                            type="button"
                            role="combobox"
+                           aria-controls="radix-_R_155esnebmknelb_"
-                           aria-controls="radix-_R_4klritpeqknelb_"
                            aria-expanded={false}
                            aria-required={undefined}
                            aria-autocomplete="none"
                            dir="ltr"
                            data-state="closed"
                            disabled={false}
                            data-disabled={undefined}
                            data-placeholder={undefined}
                            data-slot="select-trigger"
                            data-size="default"
                            className={"border-input data-[placeholder]:text-muted-foreground [&_svg:not([class*='tex..."}
                            onClick={function handleEvent}
                            onPointerDown={function handleEvent}
                            onKeyDown={function handleEvent}
                            ref={function}
                          >
            ...
      ...
 @ http://localhost:3000/_next/static/chunks/node_modules_next_dist_f3530cac._.js:3127
